mode: set
github.com/14kear/forum-project/auth-service/internal/services/auth/auth.go:72.9,82.2 1 1
github.com/14kear/forum-project/auth-service/internal/services/auth/auth.go:87.112,96.16 5 1
github.com/14kear/forum-project/auth-service/internal/services/auth/auth.go:96.16,97.46 1 1
github.com/14kear/forum-project/auth-service/internal/services/auth/auth.go:97.46,100.4 2 1
github.com/14kear/forum-project/auth-service/internal/services/auth/auth.go:102.3,103.50 2 0
github.com/14kear/forum-project/auth-service/internal/services/auth/auth.go:106.2,106.87 1 1
github.com/14kear/forum-project/auth-service/internal/services/auth/auth.go:106.87,109.3 2 1
github.com/14kear/forum-project/auth-service/internal/services/auth/auth.go:111.2,112.16 2 1
github.com/14kear/forum-project/auth-service/internal/services/auth/auth.go:112.16,114.3 1 1
github.com/14kear/forum-project/auth-service/internal/services/auth/auth.go:115.2,118.16 3 1
github.com/14kear/forum-project/auth-service/internal/services/auth/auth.go:118.16,121.3 2 0
github.com/14kear/forum-project/auth-service/internal/services/auth/auth.go:123.2,124.25 2 1
github.com/14kear/forum-project/auth-service/internal/services/auth/auth.go:124.25,127.3 2 1
github.com/14kear/forum-project/auth-service/internal/services/auth/auth.go:129.2,129.68 1 1
github.com/14kear/forum-project/auth-service/internal/services/auth/auth.go:134.98,144.16 5 1
github.com/14kear/forum-project/auth-service/internal/services/auth/auth.go:144.16,148.3 2 0
github.com/14kear/forum-project/auth-service/internal/services/auth/auth.go:150.2,151.16 2 1
github.com/14kear/forum-project/auth-service/internal/services/auth/auth.go:151.16,152.51 1 1
github.com/14kear/forum-project/auth-service/internal/services/auth/auth.go:152.51,155.4 2 1
github.com/14kear/forum-project/auth-service/internal/services/auth/auth.go:156.3,158.42 2 1
github.com/14kear/forum-project/auth-service/internal/services/auth/auth.go:161.2,162.16 2 1
github.com/14kear/forum-project/auth-service/internal/services/auth/auth.go:166.76,173.16 5 1
github.com/14kear/forum-project/auth-service/internal/services/auth/auth.go:173.16,174.46 1 1
github.com/14kear/forum-project/auth-service/internal/services/auth/auth.go:174.46,177.4 2 1
github.com/14kear/forum-project/auth-service/internal/services/auth/auth.go:178.3,178.46 1 1
github.com/14kear/forum-project/auth-service/internal/services/auth/auth.go:180.2,181.21 2 1
github.com/14kear/forum-project/auth-service/internal/services/auth/auth.go:184.110,191.16 5 1
github.com/14kear/forum-project/auth-service/internal/services/auth/auth.go:191.16,193.3 1 0
github.com/14kear/forum-project/auth-service/internal/services/auth/auth.go:195.2,195.117 1 1
github.com/14kear/forum-project/auth-service/internal/services/auth/auth.go:195.117,196.60 1 1
github.com/14kear/forum-project/auth-service/internal/services/auth/auth.go:196.60,198.4 1 0
github.com/14kear/forum-project/auth-service/internal/services/auth/auth.go:199.3,199.33 1 1
github.com/14kear/forum-project/auth-service/internal/services/auth/auth.go:201.2,201.16 1 1
github.com/14kear/forum-project/auth-service/internal/services/auth/auth.go:201.16,203.3 1 1
github.com/14kear/forum-project/auth-service/internal/services/auth/auth.go:205.2,206.25 2 1
github.com/14kear/forum-project/auth-service/internal/services/auth/auth.go:206.25,208.3 1 0
github.com/14kear/forum-project/auth-service/internal/services/auth/auth.go:210.2,210.32 1 1
github.com/14kear/forum-project/auth-service/internal/services/auth/auth.go:210.32,212.3 1 1
github.com/14kear/forum-project/auth-service/internal/services/auth/auth.go:214.2,215.9 2 1
github.com/14kear/forum-project/auth-service/internal/services/auth/auth.go:215.9,217.3 1 0
github.com/14kear/forum-project/auth-service/internal/services/auth/auth.go:218.2,218.49 1 1
github.com/14kear/forum-project/auth-service/internal/services/auth/auth.go:218.49,220.3 1 0
github.com/14kear/forum-project/auth-service/internal/services/auth/auth.go:222.2,223.9 2 1
github.com/14kear/forum-project/auth-service/internal/services/auth/auth.go:223.9,226.3 2 1
github.com/14kear/forum-project/auth-service/internal/services/auth/auth.go:228.2,229.16 2 1
github.com/14kear/forum-project/auth-service/internal/services/auth/auth.go:229.16,232.3 2 0
github.com/14kear/forum-project/auth-service/internal/services/auth/auth.go:233.2,234.16 2 1
github.com/14kear/forum-project/auth-service/internal/services/auth/auth.go:234.16,236.3 1 1
github.com/14kear/forum-project/auth-service/internal/services/auth/auth.go:237.2,237.12 1 1
github.com/14kear/forum-project/auth-service/internal/services/auth/auth.go:237.12,239.3 1 0
github.com/14kear/forum-project/auth-service/internal/services/auth/auth.go:241.2,241.96 1 1
github.com/14kear/forum-project/auth-service/internal/services/auth/auth.go:241.96,243.3 1 0
github.com/14kear/forum-project/auth-service/internal/services/auth/auth.go:245.2,246.16 2 1
github.com/14kear/forum-project/auth-service/internal/services/auth/auth.go:246.16,248.3 1 0
github.com/14kear/forum-project/auth-service/internal/services/auth/auth.go:250.2,250.138 1 1
github.com/14kear/forum-project/auth-service/internal/services/auth/auth.go:250.138,253.3 2 1
github.com/14kear/forum-project/auth-service/internal/services/auth/auth.go:255.2,257.59 2 1
github.com/14kear/forum-project/auth-service/internal/services/auth/auth.go:260.85,267.16 5 1
github.com/14kear/forum-project/auth-service/internal/services/auth/auth.go:267.16,269.3 1 0
github.com/14kear/forum-project/auth-service/internal/services/auth/auth.go:271.2,271.117 1 1
github.com/14kear/forum-project/auth-service/internal/services/auth/auth.go:271.117,272.60 1 1
github.com/14kear/forum-project/auth-service/internal/services/auth/auth.go:272.60,274.4 1 0
github.com/14kear/forum-project/auth-service/internal/services/auth/auth.go:275.3,275.33 1 1
github.com/14kear/forum-project/auth-service/internal/services/auth/auth.go:277.2,277.16 1 1
github.com/14kear/forum-project/auth-service/internal/services/auth/auth.go:277.16,279.3 1 1
github.com/14kear/forum-project/auth-service/internal/services/auth/auth.go:281.2,282.25 2 1
github.com/14kear/forum-project/auth-service/internal/services/auth/auth.go:282.25,284.3 1 0
github.com/14kear/forum-project/auth-service/internal/services/auth/auth.go:286.2,286.32 1 1
github.com/14kear/forum-project/auth-service/internal/services/auth/auth.go:286.32,288.3 1 1
github.com/14kear/forum-project/auth-service/internal/services/auth/auth.go:290.2,291.9 2 1
github.com/14kear/forum-project/auth-service/internal/services/auth/auth.go:291.9,293.3 1 0
github.com/14kear/forum-project/auth-service/internal/services/auth/auth.go:295.2,296.16 2 1
github.com/14kear/forum-project/auth-service/internal/services/auth/auth.go:296.16,297.46 1 0
github.com/14kear/forum-project/auth-service/internal/services/auth/auth.go:297.46,300.4 2 0
github.com/14kear/forum-project/auth-service/internal/services/auth/auth.go:302.3,303.39 2 0
github.com/14kear/forum-project/auth-service/internal/services/auth/auth.go:306.2,307.16 2 1
github.com/14kear/forum-project/auth-service/internal/services/auth/auth.go:307.16,309.3 1 0
github.com/14kear/forum-project/auth-service/internal/services/auth/auth.go:310.2,310.12 1 1
github.com/14kear/forum-project/auth-service/internal/services/auth/auth.go:310.12,312.3 1 0
github.com/14kear/forum-project/auth-service/internal/services/auth/auth.go:314.2,314.96 1 1
github.com/14kear/forum-project/auth-service/internal/services/auth/auth.go:314.96,316.3 1 0
github.com/14kear/forum-project/auth-service/internal/services/auth/auth.go:318.2,319.12 2 1
github.com/14kear/forum-project/auth-service/internal/services/auth/auth.go:323.108,329.16 5 1
github.com/14kear/forum-project/auth-service/internal/services/auth/auth.go:329.16,331.3 1 0
github.com/14kear/forum-project/auth-service/internal/services/auth/auth.go:333.2,333.116 1 1
github.com/14kear/forum-project/auth-service/internal/services/auth/auth.go:333.116,334.60 1 1
github.com/14kear/forum-project/auth-service/internal/services/auth/auth.go:334.60,336.4 1 1
github.com/14kear/forum-project/auth-service/internal/services/auth/auth.go:337.3,337.33 1 1
github.com/14kear/forum-project/auth-service/internal/services/auth/auth.go:339.2,339.16 1 1
github.com/14kear/forum-project/auth-service/internal/services/auth/auth.go:339.16,341.3 1 1
github.com/14kear/forum-project/auth-service/internal/services/auth/auth.go:343.2,344.25 2 1
github.com/14kear/forum-project/auth-service/internal/services/auth/auth.go:344.25,346.3 1 0
github.com/14kear/forum-project/auth-service/internal/services/auth/auth.go:348.2,348.63 1 1
github.com/14kear/forum-project/auth-service/internal/services/auth/auth.go:348.63,350.3 1 0
github.com/14kear/forum-project/auth-service/internal/services/auth/auth.go:352.2,353.9 2 1
github.com/14kear/forum-project/auth-service/internal/services/auth/auth.go:353.9,355.3 1 0
github.com/14kear/forum-project/auth-service/internal/services/auth/auth.go:356.2,356.49 1 1
github.com/14kear/forum-project/auth-service/internal/services/auth/auth.go:356.49,358.3 1 0
github.com/14kear/forum-project/auth-service/internal/services/auth/auth.go:360.2,361.9 2 1
github.com/14kear/forum-project/auth-service/internal/services/auth/auth.go:361.9,363.3 1 1
github.com/14kear/forum-project/auth-service/internal/services/auth/auth.go:364.2,367.9 3 1
github.com/14kear/forum-project/auth-service/internal/services/auth/auth.go:367.9,369.3 1 1
github.com/14kear/forum-project/auth-service/internal/services/auth/auth.go:371.2,372.24 2 1
