mode: set
github.com/14kear/forum-project/auth-service/internal/app/app.go:15.131,17.16 2 1
github.com/14kear/forum-project/auth-service/internal/app/app.go:17.16,18.13 1 0
github.com/14kear/forum-project/auth-service/internal/app/app.go:21.2,27.3 3 1
github.com/14kear/forum-project/auth-service/internal/app/grpc/app.go:17.73,27.2 3 1
github.com/14kear/forum-project/auth-service/internal/app/grpc/app.go:29.27,35.16 4 1
github.com/14kear/forum-project/auth-service/internal/app/grpc/app.go:35.16,37.3 1 0
github.com/14kear/forum-project/auth-service/internal/app/grpc/app.go:39.2,41.48 2 1
github.com/14kear/forum-project/auth-service/internal/app/grpc/app.go:41.48,43.3 1 0
github.com/14kear/forum-project/auth-service/internal/app/grpc/app.go:45.2,45.12 1 1
github.com/14kear/forum-project/auth-service/internal/app/grpc/app.go:48.22,53.2 3 1
github.com/14kear/forum-project/auth-service/internal/config/config.go:27.32,30.16 3 1
github.com/14kear/forum-project/auth-service/internal/config/config.go:30.16,32.3 1 0
github.com/14kear/forum-project/auth-service/internal/config/config.go:33.2,33.16 1 1
github.com/14kear/forum-project/auth-service/internal/grpc/auth/server.go:40.45,42.2 1 1
github.com/14kear/forum-project/auth-service/internal/grpc/auth/server.go:48.103,49.43 1 1
github.com/14kear/forum-project/auth-service/internal/grpc/auth/server.go:49.43,51.3 1 1
github.com/14kear/forum-project/auth-service/internal/grpc/auth/server.go:53.2,54.16 2 1
github.com/14kear/forum-project/auth-service/internal/grpc/auth/server.go:54.16,55.49 1 1
github.com/14kear/forum-project/auth-service/internal/grpc/auth/server.go:55.49,57.4 1 1
github.com/14kear/forum-project/auth-service/internal/grpc/auth/server.go:58.3,58.68 1 0
github.com/14kear/forum-project/auth-service/internal/grpc/auth/server.go:61.2,64.29 1 1
github.com/14kear/forum-project/auth-service/internal/grpc/auth/server.go:67.112,68.46 1 1
github.com/14kear/forum-project/auth-service/internal/grpc/auth/server.go:68.46,70.3 1 1
github.com/14kear/forum-project/auth-service/internal/grpc/auth/server.go:72.2,73.16 2 1
github.com/14kear/forum-project/auth-service/internal/grpc/auth/server.go:73.16,74.41 1 1
github.com/14kear/forum-project/auth-service/internal/grpc/auth/server.go:74.41,76.4 1 1
github.com/14kear/forum-project/auth-service/internal/grpc/auth/server.go:77.3,77.68 1 0
github.com/14kear/forum-project/auth-service/internal/grpc/auth/server.go:79.2,79.53 1 1
github.com/14kear/forum-project/auth-service/internal/grpc/auth/server.go:82.109,83.45 1 1
github.com/14kear/forum-project/auth-service/internal/grpc/auth/server.go:83.45,85.3 1 0
github.com/14kear/forum-project/auth-service/internal/grpc/auth/server.go:87.2,88.16 2 1
github.com/14kear/forum-project/auth-service/internal/grpc/auth/server.go:88.16,89.43 1 1
github.com/14kear/forum-project/auth-service/internal/grpc/auth/server.go:89.43,91.4 1 1
github.com/14kear/forum-project/auth-service/internal/grpc/auth/server.go:92.3,92.68 1 0
github.com/14kear/forum-project/auth-service/internal/grpc/auth/server.go:94.2,94.54 1 1
github.com/14kear/forum-project/auth-service/internal/grpc/auth/server.go:97.125,99.16 2 1
github.com/14kear/forum-project/auth-service/internal/grpc/auth/server.go:99.16,101.3 1 1
github.com/14kear/forum-project/auth-service/internal/grpc/auth/server.go:103.2,103.95 1 1
github.com/14kear/forum-project/auth-service/internal/grpc/auth/server.go:106.106,108.16 2 1
github.com/14kear/forum-project/auth-service/internal/grpc/auth/server.go:108.16,110.3 1 1
github.com/14kear/forum-project/auth-service/internal/grpc/auth/server.go:112.2,112.37 1 1
github.com/14kear/forum-project/auth-service/internal/grpc/auth/server.go:115.127,117.16 2 1
github.com/14kear/forum-project/auth-service/internal/grpc/auth/server.go:117.16,119.3 1 1
github.com/14kear/forum-project/auth-service/internal/grpc/auth/server.go:121.2,121.72 1 1
github.com/14kear/forum-project/auth-service/internal/grpc/auth/server.go:124.51,125.26 1 1
github.com/14kear/forum-project/auth-service/internal/grpc/auth/server.go:125.26,127.3 1 1
github.com/14kear/forum-project/auth-service/internal/grpc/auth/server.go:128.2,128.29 1 1
github.com/14kear/forum-project/auth-service/internal/grpc/auth/server.go:128.29,130.3 1 1
github.com/14kear/forum-project/auth-service/internal/grpc/auth/server.go:132.2,132.34 1 1
github.com/14kear/forum-project/auth-service/internal/grpc/auth/server.go:132.34,134.3 1 1
github.com/14kear/forum-project/auth-service/internal/grpc/auth/server.go:135.2,135.12 1 1
github.com/14kear/forum-project/auth-service/internal/grpc/auth/server.go:138.57,139.26 1 1
github.com/14kear/forum-project/auth-service/internal/grpc/auth/server.go:139.26,141.3 1 1
github.com/14kear/forum-project/auth-service/internal/grpc/auth/server.go:142.2,142.29 1 1
github.com/14kear/forum-project/auth-service/internal/grpc/auth/server.go:142.29,144.3 1 1
github.com/14kear/forum-project/auth-service/internal/grpc/auth/server.go:146.2,146.12 1 1
github.com/14kear/forum-project/auth-service/internal/grpc/auth/server.go:149.55,150.35 1 1
github.com/14kear/forum-project/auth-service/internal/grpc/auth/server.go:150.35,152.3 1 0
github.com/14kear/forum-project/auth-service/internal/grpc/auth/server.go:154.2,154.12 1 1
github.com/14kear/forum-project/auth-service/internal/lib/jwt/jwt.go:14.110,16.16 2 1
github.com/14kear/forum-project/auth-service/internal/lib/jwt/jwt.go:16.16,18.3 1 0
github.com/14kear/forum-project/auth-service/internal/lib/jwt/jwt.go:20.2,21.16 2 1
github.com/14kear/forum-project/auth-service/internal/lib/jwt/jwt.go:21.16,23.3 1 0
github.com/14kear/forum-project/auth-service/internal/lib/jwt/jwt.go:25.2,28.8 1 1
github.com/14kear/forum-project/auth-service/internal/lib/jwt/jwt.go:31.90,42.2 8 1
github.com/14kear/forum-project/auth-service/internal/lib/jwt/jwt.go:44.91,54.2 7 1
github.com/14kear/forum-project/auth-service/internal/services/auth/auth.go:72.9,82.2 1 1
github.com/14kear/forum-project/auth-service/internal/services/auth/auth.go:87.112,96.16 5 1
github.com/14kear/forum-project/auth-service/internal/services/auth/auth.go:96.16,97.46 1 1
github.com/14kear/forum-project/auth-service/internal/services/auth/auth.go:97.46,100.4 2 1
github.com/14kear/forum-project/auth-service/internal/services/auth/auth.go:102.3,103.50 2 0
github.com/14kear/forum-project/auth-service/internal/services/auth/auth.go:106.2,106.87 1 1
github.com/14kear/forum-project/auth-service/internal/services/auth/auth.go:106.87,109.3 2 0
github.com/14kear/forum-project/auth-service/internal/services/auth/auth.go:111.2,112.16 2 1
github.com/14kear/forum-project/auth-service/internal/services/auth/auth.go:112.16,114.3 1 0
github.com/14kear/forum-project/auth-service/internal/services/auth/auth.go:115.2,118.16 3 1
github.com/14kear/forum-project/auth-service/internal/services/auth/auth.go:118.16,121.3 2 0
github.com/14kear/forum-project/auth-service/internal/services/auth/auth.go:123.2,124.25 2 1
github.com/14kear/forum-project/auth-service/internal/services/auth/auth.go:124.25,127.3 2 0
github.com/14kear/forum-project/auth-service/internal/services/auth/auth.go:129.2,129.68 1 1
github.com/14kear/forum-project/auth-service/internal/services/auth/auth.go:134.98,144.16 5 1
github.com/14kear/forum-project/auth-service/internal/services/auth/auth.go:144.16,148.3 2 0
github.com/14kear/forum-project/auth-service/internal/services/auth/auth.go:150.2,151.16 2 1
github.com/14kear/forum-project/auth-service/internal/services/auth/auth.go:151.16,152.51 1 1
github.com/14kear/forum-project/auth-service/internal/services/auth/auth.go:152.51,155.4 2 1
github.com/14kear/forum-project/auth-service/internal/services/auth/auth.go:156.3,158.42 2 0
github.com/14kear/forum-project/auth-service/internal/services/auth/auth.go:161.2,162.16 2 1
github.com/14kear/forum-project/auth-service/internal/services/auth/auth.go:166.76,173.16 5 1
github.com/14kear/forum-project/auth-service/internal/services/auth/auth.go:173.16,174.46 1 1
github.com/14kear/forum-project/auth-service/internal/services/auth/auth.go:174.46,177.4 2 1
github.com/14kear/forum-project/auth-service/internal/services/auth/auth.go:178.3,178.46 1 0
github.com/14kear/forum-project/auth-service/internal/services/auth/auth.go:180.2,181.21 2 1
github.com/14kear/forum-project/auth-service/internal/services/auth/auth.go:184.110,191.16 5 1
github.com/14kear/forum-project/auth-service/internal/services/auth/auth.go:191.16,193.3 1 1
github.com/14kear/forum-project/auth-service/internal/services/auth/auth.go:195.2,195.117 1 1
github.com/14kear/forum-project/auth-service/internal/services/auth/auth.go:195.117,196.60 1 1
github.com/14kear/forum-project/auth-service/internal/services/auth/auth.go:196.60,198.4 1 0
github.com/14kear/forum-project/auth-service/internal/services/auth/auth.go:199.3,199.33 1 1
github.com/14kear/forum-project/auth-service/internal/services/auth/auth.go:201.2,201.16 1 1
github.com/14kear/forum-project/auth-service/internal/services/auth/auth.go:201.16,203.3 1 1
github.com/14kear/forum-project/auth-service/internal/services/auth/auth.go:205.2,206.25 2 1
github.com/14kear/forum-project/auth-service/internal/services/auth/auth.go:206.25,208.3 1 0
github.com/14kear/forum-project/auth-service/internal/services/auth/auth.go:210.2,210.32 1 1
github.com/14kear/forum-project/auth-service/internal/services/auth/auth.go:210.32,212.3 1 1
github.com/14kear/forum-project/auth-service/internal/services/auth/auth.go:214.2,215.9 2 1
github.com/14kear/forum-project/auth-service/internal/services/auth/auth.go:215.9,217.3 1 0
github.com/14kear/forum-project/auth-service/internal/services/auth/auth.go:218.2,218.49 1 1
github.com/14kear/forum-project/auth-service/internal/services/auth/auth.go:218.49,220.3 1 0
github.com/14kear/forum-project/auth-service/internal/services/auth/auth.go:222.2,223.9 2 1
github.com/14kear/forum-project/auth-service/internal/services/auth/auth.go:223.9,226.3 2 0
github.com/14kear/forum-project/auth-service/internal/services/auth/auth.go:228.2,229.16 2 1
github.com/14kear/forum-project/auth-service/internal/services/auth/auth.go:229.16,232.3 2 0
github.com/14kear/forum-project/auth-service/internal/services/auth/auth.go:233.2,234.16 2 1
github.com/14kear/forum-project/auth-service/internal/services/auth/auth.go:234.16,236.3 1 0
github.com/14kear/forum-project/auth-service/internal/services/auth/auth.go:237.2,237.12 1 1
github.com/14kear/forum-project/auth-service/internal/services/auth/auth.go:237.12,239.3 1 0
github.com/14kear/forum-project/auth-service/internal/services/auth/auth.go:241.2,241.96 1 1
github.com/14kear/forum-project/auth-service/internal/services/auth/auth.go:241.96,243.3 1 0
github.com/14kear/forum-project/auth-service/internal/services/auth/auth.go:245.2,246.16 2 1
github.com/14kear/forum-project/auth-service/internal/services/auth/auth.go:246.16,248.3 1 0
github.com/14kear/forum-project/auth-service/internal/services/auth/auth.go:250.2,250.138 1 1
github.com/14kear/forum-project/auth-service/internal/services/auth/auth.go:250.138,253.3 2 0
github.com/14kear/forum-project/auth-service/internal/services/auth/auth.go:255.2,257.59 2 1
github.com/14kear/forum-project/auth-service/internal/services/auth/auth.go:260.85,267.16 5 1
github.com/14kear/forum-project/auth-service/internal/services/auth/auth.go:267.16,269.3 1 0
github.com/14kear/forum-project/auth-service/internal/services/auth/auth.go:271.2,271.117 1 1
github.com/14kear/forum-project/auth-service/internal/services/auth/auth.go:271.117,272.60 1 1
github.com/14kear/forum-project/auth-service/internal/services/auth/auth.go:272.60,274.4 1 0
github.com/14kear/forum-project/auth-service/internal/services/auth/auth.go:275.3,275.33 1 1
github.com/14kear/forum-project/auth-service/internal/services/auth/auth.go:277.2,277.16 1 1
github.com/14kear/forum-project/auth-service/internal/services/auth/auth.go:277.16,279.3 1 1
github.com/14kear/forum-project/auth-service/internal/services/auth/auth.go:281.2,282.25 2 1
github.com/14kear/forum-project/auth-service/internal/services/auth/auth.go:282.25,284.3 1 0
github.com/14kear/forum-project/auth-service/internal/services/auth/auth.go:286.2,286.32 1 1
github.com/14kear/forum-project/auth-service/internal/services/auth/auth.go:286.32,288.3 1 1
github.com/14kear/forum-project/auth-service/internal/services/auth/auth.go:290.2,291.9 2 1
github.com/14kear/forum-project/auth-service/internal/services/auth/auth.go:291.9,293.3 1 0
github.com/14kear/forum-project/auth-service/internal/services/auth/auth.go:295.2,296.16 2 1
github.com/14kear/forum-project/auth-service/internal/services/auth/auth.go:296.16,297.46 1 0
github.com/14kear/forum-project/auth-service/internal/services/auth/auth.go:297.46,300.4 2 0
github.com/14kear/forum-project/auth-service/internal/services/auth/auth.go:302.3,303.39 2 0
github.com/14kear/forum-project/auth-service/internal/services/auth/auth.go:306.2,307.16 2 1
github.com/14kear/forum-project/auth-service/internal/services/auth/auth.go:307.16,309.3 1 0
github.com/14kear/forum-project/auth-service/internal/services/auth/auth.go:310.2,310.12 1 1
github.com/14kear/forum-project/auth-service/internal/services/auth/auth.go:310.12,312.3 1 0
github.com/14kear/forum-project/auth-service/internal/services/auth/auth.go:314.2,314.96 1 1
github.com/14kear/forum-project/auth-service/internal/services/auth/auth.go:314.96,316.3 1 0
github.com/14kear/forum-project/auth-service/internal/services/auth/auth.go:318.2,319.12 2 1
github.com/14kear/forum-project/auth-service/internal/services/auth/auth.go:323.108,329.16 5 1
github.com/14kear/forum-project/auth-service/internal/services/auth/auth.go:329.16,331.3 1 1
github.com/14kear/forum-project/auth-service/internal/services/auth/auth.go:333.2,333.116 1 1
github.com/14kear/forum-project/auth-service/internal/services/auth/auth.go:333.116,334.60 1 1
github.com/14kear/forum-project/auth-service/internal/services/auth/auth.go:334.60,336.4 1 0
github.com/14kear/forum-project/auth-service/internal/services/auth/auth.go:337.3,337.33 1 1
github.com/14kear/forum-project/auth-service/internal/services/auth/auth.go:339.2,339.16 1 1
github.com/14kear/forum-project/auth-service/internal/services/auth/auth.go:339.16,341.3 1 1
github.com/14kear/forum-project/auth-service/internal/services/auth/auth.go:343.2,344.25 2 1
github.com/14kear/forum-project/auth-service/internal/services/auth/auth.go:344.25,346.3 1 0
github.com/14kear/forum-project/auth-service/internal/services/auth/auth.go:348.2,348.63 1 1
github.com/14kear/forum-project/auth-service/internal/services/auth/auth.go:348.63,350.3 1 1
github.com/14kear/forum-project/auth-service/internal/services/auth/auth.go:352.2,353.9 2 1
github.com/14kear/forum-project/auth-service/internal/services/auth/auth.go:353.9,355.3 1 0
github.com/14kear/forum-project/auth-service/internal/services/auth/auth.go:356.2,356.49 1 1
github.com/14kear/forum-project/auth-service/internal/services/auth/auth.go:356.49,358.3 1 0
github.com/14kear/forum-project/auth-service/internal/services/auth/auth.go:360.2,361.9 2 1
github.com/14kear/forum-project/auth-service/internal/services/auth/auth.go:361.9,363.3 1 0
github.com/14kear/forum-project/auth-service/internal/services/auth/auth.go:364.2,367.9 3 1
github.com/14kear/forum-project/auth-service/internal/services/auth/auth.go:367.9,369.3 1 0
github.com/14kear/forum-project/auth-service/internal/services/auth/auth.go:371.2,372.24 2 1
github.com/14kear/forum-project/auth-service/internal/storage/postgres/postgres.go:19.48,23.16 3 1
github.com/14kear/forum-project/auth-service/internal/storage/postgres/postgres.go:23.16,25.3 1 0
github.com/14kear/forum-project/auth-service/internal/storage/postgres/postgres.go:28.2,28.34 1 1
github.com/14kear/forum-project/auth-service/internal/storage/postgres/postgres.go:28.34,30.3 1 0
github.com/14kear/forum-project/auth-service/internal/storage/postgres/postgres.go:32.2,32.30 1 1
github.com/14kear/forum-project/auth-service/internal/storage/postgres/postgres.go:35.95,39.16 3 1
github.com/14kear/forum-project/auth-service/internal/storage/postgres/postgres.go:39.16,41.3 1 0
github.com/14kear/forum-project/auth-service/internal/storage/postgres/postgres.go:42.2,46.16 4 1
github.com/14kear/forum-project/auth-service/internal/storage/postgres/postgres.go:46.16,48.54 2 1
github.com/14kear/forum-project/auth-service/internal/storage/postgres/postgres.go:48.54,50.4 1 1
github.com/14kear/forum-project/auth-service/internal/storage/postgres/postgres.go:51.3,51.42 1 0
github.com/14kear/forum-project/auth-service/internal/storage/postgres/postgres.go:54.2,54.16 1 1
github.com/14kear/forum-project/auth-service/internal/storage/postgres/postgres.go:57.80,61.16 3 1
github.com/14kear/forum-project/auth-service/internal/storage/postgres/postgres.go:61.16,63.3 1 0
github.com/14kear/forum-project/auth-service/internal/storage/postgres/postgres.go:64.2,70.16 5 1
github.com/14kear/forum-project/auth-service/internal/storage/postgres/postgres.go:70.16,71.36 1 1
github.com/14kear/forum-project/auth-service/internal/storage/postgres/postgres.go:71.36,73.4 1 1
github.com/14kear/forum-project/auth-service/internal/storage/postgres/postgres.go:74.3,74.54 1 0
github.com/14kear/forum-project/auth-service/internal/storage/postgres/postgres.go:76.2,76.18 1 1
github.com/14kear/forum-project/auth-service/internal/storage/postgres/postgres.go:79.76,83.16 3 1
github.com/14kear/forum-project/auth-service/internal/storage/postgres/postgres.go:83.16,85.3 1 0
github.com/14kear/forum-project/auth-service/internal/storage/postgres/postgres.go:86.2,92.16 5 1
github.com/14kear/forum-project/auth-service/internal/storage/postgres/postgres.go:92.16,93.36 1 1
github.com/14kear/forum-project/auth-service/internal/storage/postgres/postgres.go:93.36,95.4 1 1
github.com/14kear/forum-project/auth-service/internal/storage/postgres/postgres.go:96.3,96.46 1 0
github.com/14kear/forum-project/auth-service/internal/storage/postgres/postgres.go:98.2,98.21 1 1
github.com/14kear/forum-project/auth-service/internal/storage/postgres/postgres.go:101.75,105.16 3 1
github.com/14kear/forum-project/auth-service/internal/storage/postgres/postgres.go:105.16,107.3 1 0
github.com/14kear/forum-project/auth-service/internal/storage/postgres/postgres.go:108.2,114.16 5 1
github.com/14kear/forum-project/auth-service/internal/storage/postgres/postgres.go:114.16,115.36 1 1
github.com/14kear/forum-project/auth-service/internal/storage/postgres/postgres.go:115.36,117.4 1 1
github.com/14kear/forum-project/auth-service/internal/storage/postgres/postgres.go:118.3,118.53 1 0
github.com/14kear/forum-project/auth-service/internal/storage/postgres/postgres.go:120.2,120.17 1 1
github.com/14kear/forum-project/auth-service/internal/storage/postgres/postgres.go:123.125,127.16 3 1
github.com/14kear/forum-project/auth-service/internal/storage/postgres/postgres.go:127.16,129.3 1 0
github.com/14kear/forum-project/auth-service/internal/storage/postgres/postgres.go:130.2,134.16 4 1
github.com/14kear/forum-project/auth-service/internal/storage/postgres/postgres.go:134.16,136.54 2 0
github.com/14kear/forum-project/auth-service/internal/storage/postgres/postgres.go:136.54,138.4 1 0
github.com/14kear/forum-project/auth-service/internal/storage/postgres/postgres.go:139.3,139.72 1 0
github.com/14kear/forum-project/auth-service/internal/storage/postgres/postgres.go:142.2,142.16 1 1
github.com/14kear/forum-project/auth-service/internal/storage/postgres/postgres.go:145.113,160.16 3 1
github.com/14kear/forum-project/auth-service/internal/storage/postgres/postgres.go:160.16,162.3 1 0
github.com/14kear/forum-project/auth-service/internal/storage/postgres/postgres.go:163.2,167.16 4 1
github.com/14kear/forum-project/auth-service/internal/storage/postgres/postgres.go:167.16,169.3 1 0
github.com/14kear/forum-project/auth-service/internal/storage/postgres/postgres.go:171.2,171.21 1 1
github.com/14kear/forum-project/auth-service/internal/storage/postgres/postgres.go:174.104,179.16 3 1
github.com/14kear/forum-project/auth-service/internal/storage/postgres/postgres.go:179.16,181.3 1 0
github.com/14kear/forum-project/auth-service/internal/storage/postgres/postgres.go:182.2,185.16 3 1
github.com/14kear/forum-project/auth-service/internal/storage/postgres/postgres.go:185.16,187.3 1 0
github.com/14kear/forum-project/auth-service/internal/storage/postgres/postgres.go:189.2,190.16 2 1
github.com/14kear/forum-project/auth-service/internal/storage/postgres/postgres.go:190.16,192.3 1 0
github.com/14kear/forum-project/auth-service/internal/storage/postgres/postgres.go:194.2,194.23 1 1
github.com/14kear/forum-project/auth-service/internal/storage/postgres/postgres.go:194.23,196.3 1 0
github.com/14kear/forum-project/auth-service/internal/storage/postgres/postgres.go:198.2,198.12 1 1
github.com/14kear/forum-project/auth-service/tests/suite/suite.go:30.50,50.12 7 1
github.com/14kear/forum-project/auth-service/tests/suite/suite.go:50.12,51.54 1 1
github.com/14kear/forum-project/auth-service/tests/suite/suite.go:51.54,53.4 1 0
github.com/14kear/forum-project/auth-service/tests/suite/suite.go:57.2,67.16 5 1
github.com/14kear/forum-project/auth-service/tests/suite/suite.go:67.16,69.3 1 0
github.com/14kear/forum-project/auth-service/tests/suite/suite.go:71.2,71.19 1 1
github.com/14kear/forum-project/auth-service/tests/suite/suite.go:71.19,74.3 2 1
github.com/14kear/forum-project/auth-service/tests/suite/suite.go:76.2,81.3 1 1
github.com/14kear/forum-project/auth-service/tests/suite/suite.go:85.21,89.2 3 1
github.com/14kear/forum-project/auth-service/utils/logger.go:13.35,14.13 1 1
github.com/14kear/forum-project/auth-service/utils/logger.go:15.16,16.21 1 1
github.com/14kear/forum-project/auth-service/utils/logger.go:17.10,18.96 1 0
github.com/14kear/forum-project/auth-service/utils/logger.go:22.31,29.2 2 1
